0 info it worked if it ends with ok
1 verbose cli [ 'C:\\Program Files\\nodejs\\node.exe',
1 verbose cli   'C:\\Program Files\\nodejs\\node_modules\\npm\\bin\\npm-cli.js',
1 verbose cli   'start' ]
2 info using npm@3.10.10
3 info using node@v6.10.1
4 verbose run-script [ 'prestart', 'start', 'poststart' ]
5 info lifecycle lab4@1.0.0~prestart: lab4@1.0.0
6 silly lifecycle lab4@1.0.0~prestart: no script for prestart, continuing
7 info lifecycle lab4@1.0.0~start: lab4@1.0.0
8 verbose lifecycle lab4@1.0.0~start: unsafe-perm in lifecycle true
9 verbose lifecycle lab4@1.0.0~start: PATH: C:\Program Files\nodejs\node_modules\npm\bin\node-gyp-bin;F:\Ivan\Labs\web\lab4\node_modules\.bin;I:\Programs\cbuilder\Bin;I:\Programs\cbuilder\Projects\Bpl;I:\Programs\rad\bin;C:\Users\Public\Documents\Embarcadero\Studio\18.0\Bpl;I:\Programs\rad\bin64;C:\Users\Public\Documents\Embarcadero\Studio\18.0\Bpl\Win64;C:\Program Files (x86)\Borland\CBUILD~1\Bin;C:\Program Files (x86)\Borland\CBUILD~1\Projects\Bpl;C:\ProgramData\Oracle\Java\javapath;C:\WINDOWS\system32;C:\WINDOWS;C:\WINDOWS\System32\Wbem;C:\WINDOWS\System32\WindowsPowerShell\v1.0\;C:\Program Files\Microsoft SQL Server\130\Tools\Binn\;C:\Program Files (x86)\Windows Kits\8.1\Windows Performance Toolkit\;C:\Program Files\nodejs\;C:\Users\Ivan\AppData\Roaming\npm
10 verbose lifecycle lab4@1.0.0~start: CWD: F:\Ivan\Labs\web\lab4
11 silly lifecycle lab4@1.0.0~start: Args: [ '/d /s /c', 'babel-node index.js --presets es2015,stage-2' ]
12 silly lifecycle lab4@1.0.0~start: Returned: code: 3221225786  signal: null
13 info lifecycle lab4@1.0.0~start: Failed to exec start script
14 verbose stack Error: lab4@1.0.0 start: `babel-node index.js --presets es2015,stage-2`
14 verbose stack Exit status 3221225786
14 verbose stack     at EventEmitter.<anonymous> (C:\Program Files\nodejs\node_modules\npm\lib\utils\lifecycle.js:255:16)
14 verbose stack     at emitTwo (events.js:106:13)
14 verbose stack     at EventEmitter.emit (events.js:191:7)
14 verbose stack     at ChildProcess.<anonymous> (C:\Program Files\nodejs\node_modules\npm\lib\utils\spawn.js:40:14)
14 verbose stack     at emitTwo (events.js:106:13)
14 verbose stack     at ChildProcess.emit (events.js:191:7)
14 verbose stack     at maybeClose (internal/child_process.js:886:16)
14 verbose stack     at Process.ChildProcess._handle.onexit (internal/child_process.js:226:5)
15 verbose pkgid lab4@1.0.0
16 verbose cwd F:\Ivan\Labs\web\lab4
17 error Windows_NT 10.0.10240
18 error argv "C:\\Program Files\\nodejs\\node.exe" "C:\\Program Files\\nodejs\\node_modules\\npm\\bin\\npm-cli.js" "start"
19 error node v6.10.1
20 error npm  v3.10.10
21 error code ELIFECYCLE
22 error lab4@1.0.0 start: `babel-node index.js --presets es2015,stage-2`
22 error Exit status 3221225786
23 error Failed at the lab4@1.0.0 start script 'babel-node index.js --presets es2015,stage-2'.
23 error Make sure you have the latest version of node.js and npm installed.
23 error If you do, this is most likely a problem with the lab4 package,
23 error not with npm itself.
23 error Tell the author that this fails on your system:
23 error     babel-node index.js --presets es2015,stage-2
23 error You can get information on how to open an issue for this project with:
23 error     npm bugs lab4
23 error Or if that isn't available, you can get their info via:
23 error     npm owner ls lab4
23 error There is likely additional logging output above.
24 verbose exit [ 1, true ]
